build/app/outputs/logs/manifest-merger-debug-report.txt
-- Merging decision tree log ---
application
INJECTED from src\main\AndroidManifest.xml:19:5-85:19
INJECTED from src\debug\AndroidManifest.xml
MERGED from [:cloud_firestore] AndroidManifest.xml:7:5-13:19
MERGED from [:cloud_firestore] AndroidManifest.xml:7:5-13:19
MERGED from [:firebase_auth] AndroidManifest.xml:7:5-13:19
MERGED from [:firebase_auth] AndroidManifest.xml:7:5-13:19
MERGED from [:firebase_messaging] AndroidManifest.xml:13:5-46:19
MERGED from [:firebase_messaging] AndroidManifest.xml:13:5-46:19
MERGED from [:firebase_storage] AndroidManifest.xml:7:5-13:19
MERGED from [:firebase_storage] AndroidManifest.xml:7:5-13:19
MERGED from [:firebase_core] AndroidManifest.xml:7:5-13:19
MERGED from [:firebase_core] AndroidManifest.xml:7:5-13:19
MERGED from [:image_picker_android] AndroidManifest.xml:8:5-32:19
MERGED from [:image_picker_android] AndroidManifest.xml:8:5-32:19
MERGED from [:geolocator_android] AndroidManifest.xml:7:5-13:19
MERGED from [:geolocator_android] AndroidManifest.xml:7:5-13:19
MERGED from [com.google.firebase:firebase-firestore:24.11.0] AndroidManifest.xml:13:5-24:19
MERGED from [com.google.firebase:firebase-firestore:24.11.0] AndroidManifest.xml:13:5-24:19
MERGED from [com.google.firebase:firebase-auth:22.3.1] AndroidManifest.xml:28:5-73:19
MERGED from [com.google.firebase:firebase-auth:22.3.1] AndroidManifest.xml:28:5-73:19
MERGED from [com.google.firebase:firebase-messaging:23.4.1] AndroidManifest.xml:28:5-64:19
MERGED from [com.google.firebase:firebase-messaging:23.4.1] AndroidManifest.xml:28:5-64:19
MERGED from [com.google.firebase:firebase-storage:20.3.0] AndroidManifest.xml:26:5-37:19
MERGED from [com.google.firebase:firebase-storage:20.3.0] AndroidManifest.xml:26:5-37:19
MERGED from [com.google.firebase:firebase-installations:17.2.0] AndroidManifest.xml:11:5-22:19
MERGED from [com.google.firebase:firebase-installations:17.2.0] AndroidManifest.xml:11:5-22:19
MERGED from [com.google.firebase:firebase-appcheck:17.1.2] AndroidManifest.xml:21:5-32:19
MERGED from [com.google.firebase:firebase-appcheck:17.1.2] AndroidManifest.xml:21:5-32:19
MERGED from [com.google.firebase:firebase-common-ktx:20.4.3] AndroidManifest.xml:8:5-16:19
MERGED from [com.google.firebase:firebase-common-ktx:20.4.3] AndroidManifest.xml:8:5-16:19
MERGED from [com.google.android.gms:play-services-location:21.2.0] AndroidManifest.xml:7:5-20
MERGED from [com.google.android.gms:play-services-location:21.2.0] AndroidManifest.xml:7:5-20
MERGED from [com.google.android.gms:play-services-auth:21.0.0] AndroidManifest.xml:22:5-38:19
MERGED from [com.google.android.gms:play-services-auth:21.0.0] AndroidManifest.xml:22:5-38:19
MERGED from [com.google.firebase:firebase-auth-interop:20.0.0] AndroidManifest.xml:7:5-8:19
MERGED from [com.google.firebase:firebase-auth-interop:20.0.0] AndroidManifest.xml:7:5-8:19
MERGED from [com.google.firebase:firebase-common:20.4.3] AndroidManifest.xml:22:5-39:19
MERGED from [com.google.firebase:firebase-common:20.4.3] AndroidManifest.xml:22:5-39:19
MERGED from [com.google.android.play:integrity:1.2.0] AndroidManifest.xml:5:5-6:19
MERGED from [com.google.android.play:integrity:1.2.0] AndroidManifest.xml:5:5-6:19
MERGED from [com.google.firebase:firebase-iid-interop:17.1.0] AndroidManifest.xml:7:5-8:19
MERGED from [com.google.firebase:firebase-iid-interop:17.1.0] AndroidManifest.xml:7:5-8:19
MERGED from [com.google.firebase:firebase-appcheck-interop:17.1.0] AndroidManifest.xml:21:5-20
MERGED from [com.google.firebase:firebase-appcheck-interop:17.1.0] AndroidManifest.xml:21:5-20
MERGED from [com.google.android.gms:play-services-fido:20.0.1] AndroidManifest.xml:7:5-8:19
MERGED from [com.google.android.gms:play-services-fido:20.0.1] AndroidManifest.xml:7:5-8:19
MERGED from [com.google.android.gms:play-services-mlkit-barcode-scanning:18.3.0] AndroidManifest.xml:8:5-16:19
MERGED from [com.google.android.gms:play-services-mlkit-barcode-scanning:18.3.0] AndroidManifest.xml:8:5-16:19
MERGED from [com.google.mlkit:vision-common:17.3.0] AndroidManifest.xml:8:5-16:19
MERGED from [com.google.mlkit:vision-common:17.3.0] AndroidManifest.xml:8:5-16:19
MERGED from [com.google.mlkit:common:18.9.0] AndroidManifest.xml:8:5-24:19
MERGED from [com.google.mlkit:common:18.9.0] AndroidManifest.xml:8:5-24:19
MERGED from [com.google.android.gms:play-services-base:18.3.0] AndroidManifest.xml:19:5-23:19
MERGED from [com.google.android.gms:play-services-base:18.3.0] AndroidManifest.xml:19:5-23:19
MERGED from [androidx.window:window:1.2.0] AndroidManifest.xml:22:5-29:19
MERGED from [androidx.window:window:1.2.0] AndroidManifest.xml:22:5-29:19
MERGED from [androidx.camera:camera-camera2:1.3.1] AndroidManifest.xml:23:5-34:19
MERGED from [androidx.camera:camera-camera2:1.3.1] AndroidManifest.xml:23:5-34:19
MERGED from [androidx.camera:camera-core:1.3.1] AndroidManifest.xml:23:5-34:19
MERGED from [androidx.camera:camera-core:1.3.1] AndroidManifest.xml:23:5-34:19
MERGED from [com.google.android.gms:play-services-stats:17.0.2] AndroidManifest.xml:7:5-20
MERGED from [com.google.android.gms:play-services-stats:17.0.2] AndroidManifest.xml:7:5-20
MERGED from [androidx.lifecycle:lifecycle-process:2.7.0] AndroidManifest.xml:23:5-33:19
MERGED from [androidx.lifecycle:lifecycle-process:2.7.0] AndroidManifest.xml:23:5-33:19
MERGED from [androidx.core:core:1.13.1] AndroidManifest.xml:28:5-89
MERGED from [androidx.core:core:1.13.1] AndroidManifest.xml:28:5-89
MERGED from [com.google.android.gms:play-services-tasks:18.1.0] AndroidManifest.xml:5:5-20
MERGED from [com.google.android.gms:play-services-tasks:18.1.0] AndroidManifest.xml:5:5-20
MERGED from [com.google.firebase:firebase-measurement-connector:19.0.0] AndroidManifest.xml:22:5-23:19
MERGED from [com.google.firebase:firebase-measurement-connector:19.0.0] AndroidManifest.xml:22:5-23:19
MERGED from [com.google.android.gms:play-services-basement:18.3.0] AndroidManifest.xml:20:5-24:19
MERGED from [com.google.android.gms:play-services-basement:18.3.0] AndroidManifest.xml:20:5-24:19
MERGED from [androidx.profileinstaller:profileinstaller:1.4.0] AndroidManifest.xml:23:5-53:19
MERGED from [androidx.profileinstaller:profileinstaller:1.4.0] AndroidManifest.xml:23:5-53:19
MERGED from [androidx.startup:startup-runtime:1.1.1] AndroidManifest.xml:25:5-31:19
MERGED from [androidx.startup:startup-runtime:1.1.1] AndroidManifest.xml:25:5-31:19
MERGED from [com.google.firebase:firebase-datatransport:18.1.7] AndroidManifest.xml:23:5-31:19
MERGED from [com.google.firebase:firebase-datatransport:18.1.7] AndroidManifest.xml:23:5-31:19
MERGED from [com.google.android.datatransport:transport-backend-cct:3.1.8] AndroidManifest.xml:27:5-35:19
MERGED from [com.google.android.datatransport:transport-backend-cct:3.1.8] AndroidManifest.xml:27:5-35:19
MERGED from [com.google.android.datatransport:transport-runtime:3.1.8] AndroidManifest.xml:25:5-39:19
MERGED from [com.google.android.datatransport:transport-runtime:3.1.8] AndroidManifest.xml:25:5-39:19
MERGED from [androidx.versionedparcelable:versionedparcelable:1.1.1] AndroidManifest.xml:24:5-25:19
MERGED from [androidx.versionedparcelable:versionedparcelable:1.1.1] AndroidManifest.xml:24:5-25:19
MERGED from [com.google.android.odml:image:1.0.0-beta1] AndroidManifest.xml:7:5-20
MERGED from [com.google.android.odml:image:1.0.0-beta1] AndroidManifest.xml:7:5-20
	android:extractNativeLibs
		INJECTED from src\debug\AndroidManifest.xml
	android:appComponentFactory
		ADDED from [androidx.core:core:1.13.1] AndroidManifest.xml:28:18-86
	android:name
		INJECTED from src\main\AndroidManifest.xml
provider#androidx.core.content.FileProvider
INJECTED from src\main\AndroidManifest.xml:47:9-57:20
	android:authorities
		INJECTED from src\main\AndroidManifest.xml
manifest
ADDED from src\main\AndroidManifest.xml:1:1-94:12
MERGED from src\main\AndroidManifest.xml:1:1-94:12
INJECTED from src\debug\AndroidManifest.xml:1:1-7:12
INJECTED from src\debug\AndroidManifest.xml:1:1-7:12
INJECTED from src\debug\AndroidManifest.xml:1:1-7:12
MERGED from [:cloud_firestore] AndroidManifest.xml:2:1-15:12
MERGED from [:firebase_auth] AndroidManifest.xml:2:1-15:12
MERGED from [:firebase_messaging] AndroidManifest.xml:2:1-48:12
MERGED from [:firebase_storage] AndroidManifest.xml:2:1-15:12
MERGED from [:firebase_core] AndroidManifest.xml:2:1-15:12
MERGED from [:flutter_local_notifications] AndroidManifest.xml:2:1-10:12
MERGED from [:image_picker_android] AndroidManifest.xml:2:1-34:12
MERGED from [:flutter_plugin_android_lifecycle] AndroidManifest.xml:2:1-7:12
MERGED from [:geolocator_android] AndroidManifest.xml:2:1-15:12
MERGED from [:google_sign_in_android] AndroidManifest.xml:2:1-9:12
MERGED from [:mobile_scanner] AndroidManifest.xml:2:1-13:12
MERGED from [:permission_handler_android] AndroidManifest.xml:2:1-7:12
MERGED from [:shared_preferences_android] AndroidManifest.xml:2:1-7:12
MERGED from [com.google.firebase:firebase-firestore:24.11.0] AndroidManifest.xml:2:1-26:12
MERGED from [com.google.firebase:firebase-auth:22.3.1] AndroidManifest.xml:17:1-75:12
MERGED from [com.google.firebase:firebase-messaging:23.4.1] AndroidManifest.xml:17:1-66:12
MERGED from [com.google.firebase:firebase-storage:20.3.0] AndroidManifest.xml:15:1-39:12
MERGED from [com.google.firebase:firebase-installations:17.2.0] AndroidManifest.xml:2:1-24:12
MERGED from [com.google.firebase:firebase-appcheck:17.1.2] AndroidManifest.xml:15:1-34:12
MERGED from [com.google.firebase:firebase-common-ktx:20.4.3] AndroidManifest.xml:2:1-18:12
MERGED from [com.google.android.gms:play-services-location:21.2.0] AndroidManifest.xml:2:1-9:12
MERGED from [com.google.android.gms:play-services-auth:21.0.0] AndroidManifest.xml:17:1-40:12
MERGED from [com.google.firebase:firebase-auth-interop:20.0.0] AndroidManifest.xml:2:1-10:12
MERGED from [com.google.firebase:firebase-common:20.4.3] AndroidManifest.xml:15:1-41:12
MERGED from [com.google.mlkit:barcode-scanning:17.2.0] AndroidManifest.xml:2:1-7:12
MERGED from [com.google.android.recaptcha:recaptcha:18.4.0] AndroidManifest.xml:2:1-11:12
MERGED from [com.google.android.play:integrity:1.2.0] AndroidManifest.xml:2:1-7:12
MERGED from [com.google.firebase:firebase-iid-interop:17.1.0] AndroidManifest.xml:2:1-10:12
MERGED from [com.google.android.gms:play-services-cloud-messaging:17.1.0] AndroidManifest.xml:2:1-13:12
MERGED from [com.google.firebase:firebase-appcheck-interop:17.1.0] AndroidManifest.xml:15:1-23:12
MERGED from [com.google.firebase:firebase-database-collection:18.0.1] AndroidManifest.xml:2:1-9:12
MERGED from [com.google.android.gms:play-services-auth-api-phone:18.0.2] AndroidManifest.xml:2:1-7:12
MERGED from [com.google.android.gms:play-services-auth-base:18.0.10] AndroidManifest.xml:2:1-7:12
MERGED from [com.google.android.gms:play-services-fido:20.0.1] AndroidManifest.xml:2:1-10:12
MERGED from [com.google.android.gms:play-services-mlkit-barcode-scanning:18.3.0] AndroidManifest.xml:2:1-18:12
MERGED from [com.google.mlkit:barcode-scanning-common:17.0.0] AndroidManifest.xml:2:1-7:12
MERGED from [com.google.mlkit:vision-common:17.3.0] AndroidManifest.xml:2:1-18:12
MERGED from [com.google.mlkit:common:18.9.0] AndroidManifest.xml:2:1-26:12
MERGED from [com.google.android.gms:play-services-base:18.3.0] AndroidManifest.xml:16:1-24:12
MERGED from [androidx.preference:preference:1.2.1] AndroidManifest.xml:17:1-24:12
MERGED from [androidx.recyclerview:recyclerview:1.0.0] AndroidManifest.xml:17:1-22:12
MERGED from [androidx.legacy:legacy-support-core-ui:1.0.0] AndroidManifest.xml:17:1-22:12
MERGED from [androidx.slidingpanelayout:slidingpanelayout:1.2.0] AndroidManifest.xml:17:1-24:12
MERGED from [androidx.window:window:1.2.0] AndroidManifest.xml:17:1-31:12
MERGED from [androidx.window:window-java:1.2.0] AndroidManifest.xml:17:1-21:12
MERGED from [androidx.datastore:datastore-core-android:1.1.3] AndroidManifest.xml:2:1-7:12
MERGED from [androidx.datastore:datastore-preferences-android:1.1.3] AndroidManifest.xml:17:1-22:12
MERGED from [androidx.datastore:datastore-android:1.1.3] AndroidManifest.xml:17:1-22:12
MERGED from [androidx.camera:camera-lifecycle:1.3.1] AndroidManifest.xml:2:1-7:12
MERGED from [androidx.camera:camera-camera2:1.3.1] AndroidManifest.xml:17:1-36:12
MERGED from [androidx.camera:camera-core:1.3.1] AndroidManifest.xml:17:1-36:12
MERGED from [androidx.media:media:1.1.0] AndroidManifest.xml:17:1-24:12
MERGED from [androidx.browser:browser:1.4.0] AndroidManifest.xml:17:1-24:12
MERGED from [com.google.android.gms:play-services-stats:17.0.2] AndroidManifest.xml:2:1-9:12
MERGED from [androidx.legacy:legacy-support-core-utils:1.0.0] AndroidManifest.xml:17:1-22:12
MERGED from [androidx.loader:loader:1.1.0] AndroidManifest.xml:17:1-24:12
MERGED from [androidx.fragment:fragment-ktx:1.7.1] AndroidManifest.xml:2:1-7:12
MERGED from [androidx.activity:activity-ktx:1.10.1] AndroidManifest.xml:2:1-7:12
MERGED from [androidx.lifecycle:lifecycle-livedata-core-ktx:2.7.0] AndroidManifest.xml:2:1-7:12
MERGED from [androidx.lifecycle:lifecycle-viewmodel-ktx:2.7.0] AndroidManifest.xml:2:1-7:12
MERGED from [androidx.lifecycle:lifecycle-runtime-ktx:2.7.0] AndroidManifest.xml:17:1-22:12
MERGED from [androidx.lifecycle:lifecycle-livedata-core:2.7.0] AndroidManifest.xml:17:1-22:12
MERGED from [androidx.lifecycle:lifecycle-viewmodel:2.7.0] AndroidManifest.xml:17:1-22:12
MERGED from [androidx.lifecycle:lifecycle-process:2.7.0] AndroidManifest.xml:17:1-35:12
MERGED from [androidx.lifecycle:lifecycle-viewmodel-savedstate:2.7.0] AndroidManifest.xml:17:1-22:12
MERGED from [androidx.core:core-ktx:1.13.1] AndroidManifest.xml:2:1-7:12
MERGED from [androidx.appcompat:appcompat:1.1.0] AndroidManifest.xml:17:1-24:12
MERGED from [androidx.viewpager:viewpager:1.0.0] AndroidManifest.xml:17:1-22:12
MERGED from [androidx.appcompat:appcompat-resources:1.1.0] AndroidManifest.xml:17:1-24:12
MERGED from [androidx.drawerlayout:drawerlayout:1.0.0] AndroidManifest.xml:17:1-22:12
MERGED from [androidx.coordinatorlayout:coordinatorlayout:1.0.0] AndroidManifest.xml:17:1-22:12
MERGED from [androidx.customview:customview:1.1.0] AndroidManifest.xml:17:1-24:12
MERGED from [androidx.transition:transition:1.4.1] AndroidManifest.xml:17:1-24:12
MERGED from [androidx.vectordrawable:vectordrawable-animated:1.1.0] AndroidManifest.xml:17:1-24:12
MERGED from [androidx.vectordrawable:vectordrawable:1.1.0] AndroidManifest.xml:17:1-24:12
MERGED from [androidx.swiperefreshlayout:swiperefreshlayout:1.0.0] AndroidManifest.xml:17:1-22:12
MERGED from [androidx.asynclayoutinflater:asynclayoutinflater:1.0.0] AndroidManifest.xml:17:1-22:12
MERGED from [androidx.core:core:1.13.1] AndroidManifest.xml:17:1-30:12
MERGED from [androidx.lifecycle:lifecycle-runtime:2.7.0] AndroidManifest.xml:2:1-7:12
MERGED from [androidx.lifecycle:lifecycle-livedata:2.7.0] AndroidManifest.xml:17:1-22:12
MERGED from [com.google.firebase:firebase-installations-interop:17.1.1] AndroidManifest.xml:15:1-19:12
MERGED from [com.google.mlkit:vision-interfaces:16.2.0] AndroidManifest.xml:2:1-7:12
MERGED from [com.google.android.gms:play-services-tasks:18.1.0] AndroidManifest.xml:2:1-6:12
MERGED from [com.google.firebase:firebase-measurement-connector:19.0.0] AndroidManifest.xml:17:1-25:12
MERGED from [com.google.android.gms:play-services-basement:18.3.0] AndroidManifest.xml:16:1-26:12
MERGED from [androidx.fragment:fragment:1.7.1] AndroidManifest.xml:2:1-7:12
MERGED from [androidx.activity:activity:1.10.1] AndroidManifest.xml:17:1-22:12
MERGED from [androidx.savedstate:savedstate-ktx:1.2.1] AndroidManifest.xml:17:1-22:12
MERGED from [androidx.savedstate:savedstate:1.2.1] AndroidManifest.xml:17:1-22:12
MERGED from [androidx.localbroadcastmanager:localbroadcastmanager:1.1.0] AndroidManifest.xml:17:1-24:12
MERGED from [androidx.exifinterface:exifinterface:1.3.7] AndroidManifest.xml:17:1-24:12
MERGED from [androidx.profileinstaller:profileinstaller:1.4.0] AndroidManifest.xml:17:1-55:12
MERGED from [androidx.startup:startup-runtime:1.1.1] AndroidManifest.xml:17:1-33:12
MERGED from [androidx.tracing:tracing:1.2.0] AndroidManifest.xml:17:1-22:12
MERGED from [com.google.firebase:firebase-components:17.1.5] AndroidManifest.xml:15:1-20:12
MERGED from [com.google.firebase:firebase-datatransport:18.1.7] AndroidManifest.xml:15:1-33:12
MERGED from [com.google.android.datatransport:transport-backend-cct:3.1.8] AndroidManifest.xml:15:1-37:12
MERGED from [com.google.android.datatransport:transport-runtime:3.1.8] AndroidManifest.xml:15:1-41:12
MERGED from [com.google.android.datatransport:transport-api:3.1.0] AndroidManifest.xml:15:1-20:12
MERGED from [com.google.firebase:firebase-encoders-json:18.0.0] AndroidManifest.xml:15:1-23:12
MERGED from [androidx.interpolator:interpolator:1.0.0] AndroidManifest.xml:17:1-22:12
MERGED from [androidx.versionedparcelable:versionedparcelable:1.1.1] AndroidManifest.xml:17:1-27:12
MERGED from [androidx.arch.core:core-runtime:2.2.0] AndroidManifest.xml:17:1-22:12
MERGED from [androidx.cursoradapter:cursoradapter:1.0.0] AndroidManifest.xml:17:1-22:12
MERGED from [androidx.window.extensions.core:core:1.0.0] AndroidManifest.xml:2:1-7:12
MERGED from [androidx.documentfile:documentfile:1.0.0] AndroidManifest.xml:17:1-22:12
MERGED from [androidx.print:print:1.0.0] AndroidManifest.xml:17:1-22:12
MERGED from [androidx.annotation:annotation-experimental:1.4.0] AndroidManifest.xml:2:1-7:12
MERGED from [androidx.core:core-viewtree:1.0.0] AndroidManifest.xml:2:1-7:12
MERGED from [io.grpc:grpc-android:1.57.2] AndroidManifest.xml:2:1-9:12
MERGED from [com.getkeepsafe.relinker:relinker:1.4.5] AndroidManifest.xml:2:1-7:12
MERGED from [com.google.firebase:protolite-well-known-types:18.0.0] AndroidManifest.xml:2:1-11:12
MERGED from [com.google.android.odml:image:1.0.0-beta1] AndroidManifest.xml:2:1-9:12
	package
		ADDED from src\main\AndroidManifest.xml:3:5-41
		INJECTED from src\debug\AndroidManifest.xml
	android:versionName
		INJECTED from src\debug\AndroidManifest.xml
	xmlns:tools
		ADDED from src\main\AndroidManifest.xml:2:5-51
		ADDED from src\main\AndroidManifest.xml:2:5-51
	android:versionCode
		INJECTED from src\debug\AndroidManifest.xml
	xmlns:android
		ADDED from src\main\AndroidManifest.xml:1:11-69
uses-permission#android.permission.CAMERA
ADDED from src\main\AndroidManifest.xml:6:5-65
MERGED from [:mobile_scanner] AndroidManifest.xml:7:5-65
MERGED from [:mobile_scanner] AndroidManifest.xml:7:5-65
	android:name
		ADDED from src\main\AndroidManifest.xml:6:22-62
uses-permission#android.permission.WRITE_EXTERNAL_STORAGE
ADDED from src\main\AndroidManifest.xml:7:5-81
	android:name
		ADDED from src\main\AndroidManifest.xml:7:22-78
uses-permission#android.permission.READ_EXTERNAL_STORAGE
ADDED from src\main\AndroidManifest.xml:8:5-80
	android:name
		ADDED from src\main\AndroidManifest.xml:8:22-77
uses-permission#android.permission.INTERNET
ADDED from src\main\AndroidManifest.xml:9:5-67
MERGED from src\main\AndroidManifest.xml:9:5-67
MERGED from src\main\AndroidManifest.xml:9:5-67
MERGED from [:firebase_messaging] AndroidManifest.xml:7:5-67
MERGED from [:firebase_messaging] AndroidManifest.xml:7:5-67
MERGED from [:google_sign_in_android] AndroidManifest.xml:7:5-67
MERGED from [:google_sign_in_android] AndroidManifest.xml:7:5-67
MERGED from [com.google.firebase:firebase-firestore:24.11.0] AndroidManifest.xml:11:5-67
MERGED from [com.google.firebase:firebase-firestore:24.11.0] AndroidManifest.xml:11:5-67
MERGED from [com.google.firebase:firebase-auth:22.3.1] AndroidManifest.xml:25:5-67
MERGED from [com.google.firebase:firebase-auth:22.3.1] AndroidManifest.xml:25:5-67
MERGED from [com.google.firebase:firebase-storage:20.3.0] AndroidManifest.xml:24:5-67
MERGED from [com.google.firebase:firebase-storage:20.3.0] AndroidManifest.xml:24:5-67
MERGED from [com.google.firebase:firebase-installations:17.2.0] AndroidManifest.xml:8:5-67
MERGED from [com.google.firebase:firebase-installations:17.2.0] AndroidManifest.xml:8:5-67
MERGED from [com.google.android.recaptcha:recaptcha:18.4.0] AndroidManifest.xml:7:5-67
MERGED from [com.google.android.recaptcha:recaptcha:18.4.0] AndroidManifest.xml:7:5-67
MERGED from [com.google.android.gms:play-services-cloud-messaging:17.1.0] AndroidManifest.xml:8:5-67
MERGED from [com.google.android.gms:play-services-cloud-messaging:17.1.0] AndroidManifest.xml:8:5-67
MERGED from [com.google.android.datatransport:transport-backend-cct:3.1.8] AndroidManifest.xml:25:5-67
MERGED from [com.google.android.datatransport:transport-backend-cct:3.1.8] AndroidManifest.xml:25:5-67
	android:name
		ADDED from src\main\AndroidManifest.xml:9:22-64
uses-permission#android.permission.ACCESS_NETWORK_STATE
ADDED from src\main\AndroidManifest.xml:10:5-79
MERGED from [:firebase_messaging] AndroidManifest.xml:9:5-79
MERGED from [:firebase_messaging] AndroidManifest.xml:9:5-79
MERGED from [com.google.firebase:firebase-firestore:24.11.0] AndroidManifest.xml:10:5-79
MERGED from [com.google.firebase:firebase-firestore:24.11.0] AndroidManifest.xml:10:5-79
MERGED from [com.google.firebase:firebase-auth:22.3.1] AndroidManifest.xml:26:5-79
MERGED from [com.google.firebase:firebase-auth:22.3.1] AndroidManifest.xml:26:5-79
MERGED from [com.google.firebase:firebase-messaging:23.4.1] AndroidManifest.xml:22:5-79
MERGED from [com.google.firebase:firebase-messaging:23.4.1] AndroidManifest.xml:22:5-79
MERGED from [com.google.firebase:firebase-storage:20.3.0] AndroidManifest.xml:23:5-79
MERGED from [com.google.firebase:firebase-storage:20.3.0] AndroidManifest.xml:23:5-79
MERGED from [com.google.firebase:firebase-installations:17.2.0] AndroidManifest.xml:7:5-79
MERGED from [com.google.firebase:firebase-installations:17.2.0] AndroidManifest.xml:7:5-79
MERGED from [com.google.android.recaptcha:recaptcha:18.4.0] AndroidManifest.xml:8:5-79
MERGED from [com.google.android.recaptcha:recaptcha:18.4.0] AndroidManifest.xml:8:5-79
MERGED from [com.google.android.gms:play-services-cloud-messaging:17.1.0] AndroidManifest.xml:7:5-79
MERGED from [com.google.android.gms:play-services-cloud-messaging:17.1.0] AndroidManifest.xml:7:5-79
MERGED from [com.google.android.datatransport:transport-backend-cct:3.1.8] AndroidManifest.xml:24:5-79
MERGED from [com.google.android.datatransport:transport-backend-cct:3.1.8] AndroidManifest.xml:24:5-79
MERGED from [com.google.android.datatransport:transport-runtime:3.1.8] AndroidManifest.xml:22:5-79
MERGED from [com.google.android.datatransport:transport-runtime:3.1.8] AndroidManifest.xml:22:5-79
MERGED from [io.grpc:grpc-android:1.57.2] AndroidManifest.xml:7:5-79
MERGED from [io.grpc:grpc-android:1.57.2] AndroidManifest.xml:7:5-79
	android:name
		ADDED from src\main\AndroidManifest.xml:10:22-76
uses-permission#android.permission.ACCESS_FINE_LOCATION
ADDED from src\main\AndroidManifest.xml:11:5-79
	android:name
		ADDED from src\main\AndroidManifest.xml:11:22-76
uses-permission#android.permission.ACCESS_COARSE_LOCATION
ADDED from src\main\AndroidManifest.xml:12:5-81
	android:name
		ADDED from src\main\AndroidManifest.xml:12:22-78
uses-feature#android.hardware.camera
ADDED from src\main\AndroidManifest.xml:15:5-17:36
MERGED from [:mobile_scanner] AndroidManifest.xml:9:5-11:36
MERGED from [:mobile_scanner] AndroidManifest.xml:9:5-11:36
	android:required
		ADDED from src\main\AndroidManifest.xml:17:9-33
	android:name
		ADDED from src\main\AndroidManifest.xml:16:9-47
queries
ADDED from src\main\AndroidManifest.xml:88:5-93:15
intent#action:name:android.intent.action.PROCESS_TEXT+data:mimeType:text/plain
ADDED from src\main\AndroidManifest.xml:89:9-92:18
action#android.intent.action.PROCESS_TEXT
ADDED from src\main\AndroidManifest.xml:90:13-72
	android:name
		ADDED from src\main\AndroidManifest.xml:90:21-70
data
ADDED from src\main\AndroidManifest.xml:91:13-50
	android:mimeType
		ADDED from src\main\AndroidManifest.xml:91:19-48
uses-sdk
INJECTED from src\debug\AndroidManifest.xml reason: use-sdk injection requested
INJECTED from src\debug\AndroidManifest.xml
INJECTED from src\debug\AndroidManifest.xml
MERGED from [:cloud_firestore] AndroidManifest.xml:5:5-44
MERGED from [:cloud_firestore] AndroidManifest.xml:5:5-44
MERGED from [:firebase_auth] AndroidManifest.xml:5:5-44
MERGED from [:firebase_auth] AndroidManifest.xml:5:5-44
MERGED from [:firebase_messaging] AndroidManifest.xml:5:5-44
MERGED from [:firebase_messaging] AndroidManifest.xml:5:5-44
MERGED from [:firebase_storage] AndroidManifest.xml:5:5-44
MERGED from [:firebase_storage] AndroidManifest.xml:5:5-44
MERGED from [:firebase_core] AndroidManifest.xml:5:5-44
MERGED from [:firebase_core] AndroidManifest.xml:5:5-44
MERGED from [:flutter_local_notifications] AndroidManifest.xml:5:5-44
MERGED from [:flutter_local_notifications] AndroidManifest.xml:5:5-44
MERGED from [:image_picker_android] AndroidManifest.xml:6:5-44
MERGED from [:image_picker_android] AndroidManifest.xml:6:5-44
MERGED from [:flutter_plugin_android_lifecycle] AndroidManifest.xml:5:5-44
MERGED from [:flutter_plugin_android_lifecycle] AndroidManifest.xml:5:5-44
MERGED from [:geolocator_android] AndroidManifest.xml:5:5-44
MERGED from [:geolocator_android] AndroidManifest.xml:5:5-44
MERGED from [:google_sign_in_android] AndroidManifest.xml:5:5-44
MERGED from [:google_sign_in_android] AndroidManifest.xml:5:5-44
MERGED from [:mobile_scanner] AndroidManifest.xml:5:5-44
MERGED from [:mobile_scanner] AndroidManifest.xml:5:5-44
MERGED from [:permission_handler_android] AndroidManifest.xml:5:5-44
MERGED from [:permission_handler_android] AndroidManifest.xml:5:5-44
MERGED from [:shared_preferences_android] AndroidManifest.xml:5:5-44
MERGED from [:shared_preferences_android] AndroidManifest.xml:5:5-44
MERGED from [com.google.firebase:firebase-firestore:24.11.0] AndroidManifest.xml:6:5-44
MERGED from [com.google.firebase:firebase-firestore:24.11.0] AndroidManifest.xml:6:5-44
MERGED from [com.google.firebase:firebase-auth:22.3.1] AndroidManifest.xml:21:5-23:64
MERGED from [com.google.firebase:firebase-auth:22.3.1] AndroidManifest.xml:21:5-23:64
MERGED from [com.google.firebase:firebase-messaging:23.4.1] AndroidManifest.xml:20:5-44
MERGED from [com.google.firebase:firebase-messaging:23.4.1] AndroidManifest.xml:20:5-44
MERGED from [com.google.firebase:firebase-storage:20.3.0] AndroidManifest.xml:19:5-44
MERGED from [com.google.firebase:firebase-storage:20.3.0] AndroidManifest.xml:19:5-44
MERGED from [com.google.firebase:firebase-installations:17.2.0] AndroidManifest.xml:5:5-44
MERGED from [com.google.firebase:firebase-installations:17.2.0] AndroidManifest.xml:5:5-44
MERGED from [com.google.firebase:firebase-appcheck:17.1.2] AndroidManifest.xml:18:5-44
MERGED from [com.google.firebase:firebase-appcheck:17.1.2] AndroidManifest.xml:18:5-44
MERGED from [com.google.firebase:firebase-common-ktx:20.4.3] AndroidManifest.xml:5:5-44
MERGED from [com.google.firebase:firebase-common-ktx:20.4.3] AndroidManifest.xml:5:5-44
MERGED from [com.google.android.gms:play-services-location:21.2.0] AndroidManifest.xml:5:5-44
MERGED from [com.google.android.gms:play-services-location:21.2.0] AndroidManifest.xml:5:5-44
MERGED from [com.google.android.gms:play-services-auth:21.0.0] AndroidManifest.xml:20:5-44
MERGED from [com.google.android.gms:play-services-auth:21.0.0] AndroidManifest.xml:20:5-44
MERGED from [com.google.firebase:firebase-auth-interop:20.0.0] AndroidManifest.xml:5:5-44
MERGED from [com.google.firebase:firebase-auth-interop:20.0.0] AndroidManifest.xml:5:5-44
MERGED from [com.google.firebase:firebase-common:20.4.3] AndroidManifest.xml:19:5-44
MERGED from [com.google.firebase:firebase-common:20.4.3] AndroidManifest.xml:19:5-44
MERGED from [com.google.mlkit:barcode-scanning:17.2.0] AndroidManifest.xml:5:5-44
MERGED from [com.google.mlkit:barcode-scanning:17.2.0] AndroidManifest.xml:5:5-44
MERGED from [com.google.android.recaptcha:recaptcha:18.4.0] AndroidManifest.xml:5:5-44
MERGED from [com.google.android.recaptcha:recaptcha:18.4.0] AndroidManifest.xml:5:5-44
MERGED from [com.google.android.play:integrity:1.2.0] AndroidManifest.xml:4:5-44
MERGED from [com.google.android.play:integrity:1.2.0] AndroidManifest.xml:4:5-44
MERGED from [com.google.firebase:firebase-iid-interop:17.1.0] AndroidManifest.xml:5:5-44
MERGED from [com.google.firebase:firebase-iid-interop:17.1.0] AndroidManifest.xml:5:5-44
MERGED from [com.google.android.gms:play-services-cloud-messaging:17.1.0] AndroidManifest.xml:5:5-44
MERGED from [com.google.android.gms:play-services-cloud-messaging:17.1.0] AndroidManifest.xml:5:5-44
MERGED from [com.google.firebase:firebase-appcheck-interop:17.1.0] AndroidManifest.xml:18:5-44
MERGED from [com.google.firebase:firebase-appcheck-interop:17.1.0] AndroidManifest.xml:18:5-44
MERGED from [com.google.firebase:firebase-database-collection:18.0.1] AndroidManifest.xml:5:5-7:41
MERGED from [com.google.firebase:firebase-database-collection:18.0.1] AndroidManifest.xml:5:5-7:41
MERGED from [com.google.android.gms:play-services-auth-api-phone:18.0.2] AndroidManifest.xml:5:5-44
MERGED from [com.google.android.gms:play-services-auth-api-phone:18.0.2] AndroidManifest.xml:5:5-44
MERGED from [com.google.android.gms:play-services-auth-base:18.0.10] AndroidManifest.xml:5:5-44
MERGED from [com.google.android.gms:play-services-auth-base:18.0.10] AndroidManifest.xml:5:5-44
MERGED from [com.google.android.gms:play-services-fido:20.0.1] AndroidManifest.xml:5:5-44
MERGED from [com.google.android.gms:play-services-fido:20.0.1] AndroidManifest.xml:5:5-44
MERGED from [com.google.android.gms:play-services-mlkit-barcode-scanning:18.3.0] AndroidManifest.xml:6:5-44
MERGED from [com.google.android.gms:play-services-mlkit-barcode-scanning:18.3.0] AndroidManifest.xml:6:5-44
MERGED from [com.google.mlkit:barcode-scanning-common:17.0.0] AndroidManifest.xml:5:5-44
MERGED from [com.google.mlkit:barcode-scanning-common:17.0.0] AndroidManifest.xml:5:5-44
MERGED from [com.google.mlkit:vision-common:17.3.0] AndroidManifest.xml:6:5-44
MERGED from [com.google.mlkit:vision-common:17.3.0] AndroidManifest.xml:6:5-44